<?xml version="1.0" encoding="UTF-8"?>
<!-- Generated by org.testng.reporters.JUnitReportReporter -->
<testsuite skipped="0" hostname="BNGTSI52001317" name="com.moneyroom.test.regression.ReturnCollectorTourFundVerification" tests="1" failures="0" timestamp="11 Sep 2018 12:23:41 GMT" time="41.857" errors="0">
  <testcase name="ReturnCollectorTourFundTest" time="41.857" classname="com.moneyroom.test.regression.ReturnCollectorTourFundVerification"/>
</testsuite> <!-- com.moneyroom.test.regression.ReturnCollectorTourFundVerification -->
