<?xml version="1.0" encoding="UTF-8"?>
<!-- Generated by org.testng.reporters.JUnitReportReporter -->
<testsuite skipped="0" hostname="BNGTSI52001317" name="com.moneyroom.test.smoke.DemoScreenshot" tests="1" failures="0" timestamp="30 Aug 2018 13:30:59 GMT" time="10.821" errors="0">
  <testcase name="test" time="10.821" classname="com.moneyroom.test.smoke.DemoScreenshot"/>
</testsuite> <!-- com.moneyroom.test.smoke.DemoScreenshot -->
