<?xml version="1.0" encoding="UTF-8"?>
<!-- Generated by org.testng.reporters.JUnitReportReporter -->
<testsuite skipped="0" hostname="BNGTSI52001317" name="com.moneyroom.test.regression.IssueCollectorTourFundVerification" tests="1" failures="0" timestamp="11 Sep 2018 12:20:12 GMT" time="52.108" errors="0">
  <testcase name="IssueCollectorTourFundTest" time="52.108" classname="com.moneyroom.test.regression.IssueCollectorTourFundVerification"/>
</testsuite> <!-- com.moneyroom.test.regression.IssueCollectorTourFundVerification -->
