<?xml version="1.0" encoding="UTF-8"?>
<!-- Generated by org.testng.reporters.JUnitReportReporter -->
<testsuite skipped="0" hostname="BNGTSI52001317" name="com.moneyroom.test.regression.LoginVerification" tests="3" failures="0" timestamp="11 Sep 2018 11:49:13 GMT" time="43.572" errors="0">
  <testcase name="InvalidLoginTest" time="10.206" classname="com.moneyroom.test.regression.LoginVerification"/>
  <testcase name="InvalidUsernamePasswordLogin" time="18.583" classname="com.moneyroom.test.regression.LoginVerification"/>
  <testcase name="Login_Logout_Verification" time="14.783" classname="com.moneyroom.test.regression.LoginVerification"/>
</testsuite> <!-- com.moneyroom.test.regression.LoginVerification -->
