<?xml version="1.0" encoding="UTF-8"?>
<!-- Generated by org.testng.reporters.JUnitReportReporter -->
<testsuite skipped="0" hostname="BNGTSI52001317" name="com.monetroom.utils.PrintButton" tests="1" failures="0" timestamp="07 Sep 2018 10:33:43 GMT" time="3.163" errors="0">
  <testcase name="getPrintButton" time="3.163" classname="com.monetroom.utils.PrintButton"/>
</testsuite> <!-- com.monetroom.utils.PrintButton -->
