<?xml version="1.0" encoding="UTF-8"?>
<!-- Generated by org.testng.reporters.JUnitReportReporter -->
<testsuite skipped="0" hostname="BNGTSI52001317" name="com.moneyroom.test.smoke.SimpleUnitTest" tests="1" failures="0" timestamp="29 Aug 2018 05:13:47 GMT" time="23.180" errors="0">
  <testcase name="testApp" time="23.180" classname="com.moneyroom.test.smoke.SimpleUnitTest"/>
</testsuite> <!-- com.moneyroom.test.smoke.SimpleUnitTest -->
